<?xml version="1.0" encoding="UTF-8"?>
<testng-results skipped="0" failed="0" ignored="0" total="1" passed="1">
  <reporter-output>
  </reporter-output>
  <suite name="com.hybrid.qa.testcases.LoginPageTest" duration-ms="48671" started-at="2020-05-31T11:27:06Z" finished-at="2020-05-31T11:27:54Z">
    <groups>
    </groups>
    <test name="Command line test" duration-ms="48671" started-at="2020-05-31T11:27:06Z" finished-at="2020-05-31T11:27:54Z">
      <class name="com.hybrid.qa.testcases.LoginPageTest">
        <test-method status="PASS" signature="setUp()[pri:0, instance:com.hybrid.qa.testcases.LoginPageTest@68c4039c]" name="setUp" is-config="true" duration-ms="44404" started-at="2020-05-31T11:27:06Z" finished-at="2020-05-31T11:27:50Z">
          <reporter-output>
          </reporter-output>
        </test-method> <!-- setUp -->
        <test-method status="PASS" signature="validateLoginPageTitleTest()[pri:1, instance:com.hybrid.qa.testcases.LoginPageTest@68c4039c]" name="validateLoginPageTitleTest" duration-ms="121" started-at="2020-05-31T11:27:50Z" finished-at="2020-05-31T11:27:50Z">
          <reporter-output>
          </reporter-output>
        </test-method> <!-- validateLoginPageTitleTest -->
        <test-method status="PASS" signature="tearDown()[pri:0, instance:com.hybrid.qa.testcases.LoginPageTest@68c4039c]" name="tearDown" is-config="true" duration-ms="4047" started-at="2020-05-31T11:27:50Z" finished-at="2020-05-31T11:27:54Z">
          <reporter-output>
          </reporter-output>
        </test-method> <!-- tearDown -->
      </class> <!-- com.hybrid.qa.testcases.LoginPageTest -->
    </test> <!-- Command line test -->
  </suite> <!-- com.hybrid.qa.testcases.LoginPageTest -->
</testng-results>
