<?xml version="1.0" encoding="UTF-8"?>
<testng-results skipped="0" failed="0" ignored="0" total="1" passed="1">
  <reporter-output>
  </reporter-output>
  <suite name="Default suite" duration-ms="21775" started-at="2020-05-28T20:29:30Z" finished-at="2020-05-28T20:29:52Z">
    <groups>
    </groups>
    <test name="Default test" duration-ms="21775" started-at="2020-05-28T20:29:30Z" finished-at="2020-05-28T20:29:52Z">
      <class name="com.hybrid.qa.testcases.LoginPageTest">
        <test-method status="PASS" signature="setUp()[pri:0, instance:com.hybrid.qa.testcases.LoginPageTest@52525845]" name="setUp" is-config="true" duration-ms="20480" started-at="2020-05-28T20:29:30Z" finished-at="2020-05-28T20:29:51Z">
          <reporter-output>
          </reporter-output>
        </test-method> <!-- setUp -->
        <test-method status="PASS" signature="validateLoginPageTitleTest()[pri:1, instance:com.hybrid.qa.testcases.LoginPageTest@52525845]" name="validateLoginPageTitleTest" duration-ms="73" started-at="2020-05-28T20:29:51Z" finished-at="2020-05-28T20:29:51Z">
          <reporter-output>
          </reporter-output>
        </test-method> <!-- validateLoginPageTitleTest -->
        <test-method status="PASS" signature="tearDown()[pri:0, instance:com.hybrid.qa.testcases.LoginPageTest@52525845]" name="tearDown" is-config="true" duration-ms="1188" started-at="2020-05-28T20:29:51Z" finished-at="2020-05-28T20:29:52Z">
          <reporter-output>
          </reporter-output>
        </test-method> <!-- tearDown -->
      </class> <!-- com.hybrid.qa.testcases.LoginPageTest -->
    </test> <!-- Default test -->
  </suite> <!-- Default suite -->
</testng-results>
